D:\WORKSPACE\BEATMOUSE\BEATMOUSE\DEBUG\INTERFACE.OBJ
D:\WORKSPACE\BEATMOUSE\BEATMOUSE\DEBUG\LOGIC.OBJ
D:\WORKSPACE\BEATMOUSE\BEATMOUSE\DEBUG\MAIN.OBJ
D:\WORKSPACE\BEATMOUSE\BEATMOUSE\DEBUG\VC110.PDB
D:\WORKSPACE\BEATMOUSE\DEBUG\BEATMOUSE.ILK
D:\WORKSPACE\BEATMOUSE\DEBUG\BEATMOUSE.EXE
D:\WORKSPACE\BEATMOUSE\DEBUG\BEATMOUSE.PDB
D:\WorkSpace\BeatMouse\BeatMouse\Debug\interface.obj
D:\WorkSpace\BeatMouse\BeatMouse\Debug\logic.obj
D:\WorkSpace\BeatMouse\BeatMouse\Debug\main.obj
D:\WorkSpace\BeatMouse\BeatMouse\Debug\cl.command.1.tlog
D:\WorkSpace\BeatMouse\BeatMouse\Debug\CL.read.1.tlog
D:\WorkSpace\BeatMouse\BeatMouse\Debug\CL.write.1.tlog
D:\WorkSpace\BeatMouse\BeatMouse\Debug\link-cvtres.read.1.tlog
D:\WorkSpace\BeatMouse\BeatMouse\Debug\link-cvtres.write.1.tlog
D:\WorkSpace\BeatMouse\BeatMouse\Debug\link-rc.read.1.tlog
D:\WorkSpace\BeatMouse\BeatMouse\Debug\link-rc.write.1.tlog
D:\WorkSpace\BeatMouse\BeatMouse\Debug\link.command.1.tlog
D:\WorkSpace\BeatMouse\BeatMouse\Debug\link.read.1.tlog
D:\WorkSpace\BeatMouse\BeatMouse\Debug\link.write.1.tlog
D:\WorkSpace\BeatMouse\BeatMouse\Debug\vc110.idb
D:\WorkSpace\BeatMouse\BeatMouse\Debug\vc110.pdb
D:\WorkSpace\BeatMouse\Debug\BeatMouse.pdb
D:\WorkSpace\BeatMouse\Debug\BeatMouse.exe
D:\WorkSpace\BeatMouse\Debug\BeatMouse.ilk
